Determining if the pthread_create exist failed with the following output:
Change Dir: /home/youngsun/catkin_ws/build/CMakeFiles/CMakeTmp

Run Build Command:"/usr/bin/make" "cmTC_53c66/fast"
/usr/bin/make -f CMakeFiles/cmTC_53c66.dir/build.make CMakeFiles/cmTC_53c66.dir/build
make[1]: Entering directory '/home/youngsun/catkin_ws/build/CMakeFiles/CMakeTmp'
Building C object CMakeFiles/cmTC_53c66.dir/CheckSymbolExists.c.o
/usr/bin/cc    -o CMakeFiles/cmTC_53c66.dir/CheckSymbolExists.c.o   -c /home/youngsun/catkin_ws/build/CMakeFiles/CMakeTmp/CheckSymbolExists.c
Linking C executable cmTC_53c66
/usr/bin/cmake -E cmake_link_script CMakeFiles/cmTC_53c66.dir/link.txt --verbose=1
/usr/bin/cc      -rdynamic CMakeFiles/cmTC_53c66.dir/CheckSymbolExists.c.o  -o cmTC_53c66 
CMakeFiles/cmTC_53c66.dir/CheckSymbolExists.c.o: In function `main':
CheckSymbolExists.c:(.text+0x1b): undefined reference to `pthread_create'
collect2: error: ld returned 1 exit status
CMakeFiles/cmTC_53c66.dir/build.make:97: recipe for target 'cmTC_53c66' failed
make[1]: *** [cmTC_53c66] Error 1
make[1]: Leaving directory '/home/youngsun/catkin_ws/build/CMakeFiles/CMakeTmp'
Makefile:126: recipe for target 'cmTC_53c66/fast' failed
make: *** [cmTC_53c66/fast] Error 2

File /home/youngsun/catkin_ws/build/CMakeFiles/CMakeTmp/CheckSymbolExists.c:
/* */
#include <pthread.h>

int main(int argc, char** argv)
{
  (void)argv;
#ifndef pthread_create
  return ((int*)(&pthread_create))[argc];
#else
  (void)argc;
  return 0;
#endif
}

Determining if the function pthread_create exists in the pthreads failed with the following output:
Change Dir: /home/youngsun/catkin_ws/build/CMakeFiles/CMakeTmp

Run Build Command:"/usr/bin/make" "cmTC_9fcda/fast"
/usr/bin/make -f CMakeFiles/cmTC_9fcda.dir/build.make CMakeFiles/cmTC_9fcda.dir/build
make[1]: Entering directory '/home/youngsun/catkin_ws/build/CMakeFiles/CMakeTmp'
Building C object CMakeFiles/cmTC_9fcda.dir/CheckFunctionExists.c.o
/usr/bin/cc   -DCHECK_FUNCTION_EXISTS=pthread_create   -o CMakeFiles/cmTC_9fcda.dir/CheckFunctionExists.c.o   -c /usr/share/cmake-3.10/Modules/CheckFunctionExists.c
Linking C executable cmTC_9fcda
/usr/bin/cmake -E cmake_link_script CMakeFiles/cmTC_9fcda.dir/link.txt --verbose=1
/usr/bin/cc  -DCHECK_FUNCTION_EXISTS=pthread_create    -rdynamic CMakeFiles/cmTC_9fcda.dir/CheckFunctionExists.c.o  -o cmTC_9fcda -lpthreads 
/usr/bin/ld: cannot find -lpthreads
collect2: error: ld returned 1 exit status
CMakeFiles/cmTC_9fcda.dir/build.make:97: recipe for target 'cmTC_9fcda' failed
make[1]: *** [cmTC_9fcda] Error 1
make[1]: Leaving directory '/home/youngsun/catkin_ws/build/CMakeFiles/CMakeTmp'
Makefile:126: recipe for target 'cmTC_9fcda/fast' failed
make: *** [cmTC_9fcda/fast] Error 2


